{"total": {"lines":{"total":436,"covered":404,"skipped":0,"pct":92.66},"statements":{"total":436,"covered":404,"skipped":0,"pct":92.66},"functions":{"total":18,"covered":18,"skipped":0,"pct":100},"branches":{"total":55,"covered":47,"skipped":0,"pct":85.45},"branchesTrue":{"total":0,"covered":0,"skipped":0,"pct":100}}
,"/Users/arthurmehmetoglu/Development/tied-siren-project/TiedSiren51/vitest.config.js": {"lines":{"total":18,"covered":18,"skipped":0,"pct":100},"functions":{"total":0,"covered":0,"skipped":0,"pct":100},"statements":{"total":18,"covered":18,"skipped":0,"pct":100},"branches":{"total":0,"covered":0,"skipped":0,"pct":100}}
,"/Users/arthurmehmetoglu/Development/tied-siren-project/TiedSiren51/infra/auth-gateway/firebase.auth.gateway.ts": {"lines":{"total":247,"covered":215,"skipped":0,"pct":87.04},"functions":{"total":15,"covered":15,"skipped":0,"pct":100},"statements":{"total":247,"covered":215,"skipped":0,"pct":87.04},"branches":{"total":37,"covered":30,"skipped":0,"pct":81.08}}
,"/Users/arthurmehmetoglu/Development/tied-siren-project/TiedSiren51/ui/auth-schemas/auth-schemas.spec.ts": {"lines":{"total":84,"covered":84,"skipped":0,"pct":100},"functions":{"total":0,"covered":0,"skipped":0,"pct":100},"statements":{"total":84,"covered":84,"skipped":0,"pct":100},"branches":{"total":8,"covered":8,"skipped":0,"pct":100}}
,"/Users/arthurmehmetoglu/Development/tied-siren-project/TiedSiren51/ui/auth-schemas/auth-schemas.ts": {"lines":{"total":29,"covered":29,"skipped":0,"pct":100},"functions":{"total":0,"covered":0,"skipped":0,"pct":100},"statements":{"total":29,"covered":29,"skipped":0,"pct":100},"branches":{"total":2,"covered":2,"skipped":0,"pct":100}}
,"/Users/arthurmehmetoglu/Development/tied-siren-project/TiedSiren51/ui/screens/Home/schemas/block-session.schema.ts": {"lines":{"total":55,"covered":55,"skipped":0,"pct":100},"functions":{"total":3,"covered":3,"skipped":0,"pct":100},"statements":{"total":55,"covered":55,"skipped":0,"pct":100},"branches":{"total":6,"covered":5,"skipped":0,"pct":83.33}}
,"/Users/arthurmehmetoglu/Development/tied-siren-project/TiedSiren51/ui/screens/Home/schemas/is-empty-string.ts": {"lines":{"total":3,"covered":3,"skipped":0,"pct":100},"functions":{"total":0,"covered":0,"skipped":0,"pct":100},"statements":{"total":3,"covered":3,"skipped":0,"pct":100},"branches":{"total":2,"covered":2,"skipped":0,"pct":100}}
}
